{
  "RSpec": {
    "coverage": {
      "/Users/silverfox/Desktop/test_project/spec/features/add_product_pages_spec.rb": [
        1,
        null,
        1,
        1,
        1,
        1,
        1,
        1,
        1,
        1,
        1,
        null,
        null,
        1,
        1,
        1,
        1,
        null,
        null
      ],
      "/Users/silverfox/Desktop/test_project/spec/rails_helper.rb": [
        null,
        1,
        1,
        1,
        null,
        1,
        1,
        1,
        null,
        null,
        null,
        null,
        null,
        null,
        null,
        null,
        null,
        null,
        null,
        null,
        null,
        null,
        null,
        null,
        null,
        null,
        null,
        1,
        null,
        1,
        null,
        1,
        null,
        null,
        null,
        null,
        1,
        null,
        null,
        null,
        null,
        null,
        null,
        null,
        null,
        null,
        null,
        null,
        null,
        null,
        null,
        1,
        null,
        null,
        1,
        null,
        null,
        null,
        null,
        1,
        1,
        1,
        1,
        null,
        null
      ],
      "/Users/silverfox/Desktop/test_project/config/environment.rb": [
        null,
        1,
        null,
        null,
        1
      ],
      "/Users/silverfox/Desktop/test_project/config/application.rb": [
        1,
        null,
        1,
        null,
        1,
        1,
        1,
        1,
        1,
        1,
        1,
        1,
        null,
        null,
        null,
        null,
        1,
        null,
        1,
        1,
        null,
        1,
        null,
        null,
        null,
        null,
        null,
        null,
        1,
        null,
        null
      ],
      "/Users/silverfox/Desktop/test_project/config/boot.rb": [
        1,
        null,
        1
      ],
      "/Users/silverfox/Desktop/test_project/config/environments/test.rb": [
        1,
        null,
        null,
        null,
        null,
        null,
        null,
        1,
        null,
        null,
        null,
        null,
        1,
        null,
        null,
        1,
        1,
        null,
        null,
        null,
        null,
        1,
        1,
        null,
        null,
        1,
        null,
        null,
        1,
        1,
        null,
        null,
        null,
        null,
        1,
        null,
        null,
        1,
        null,
        null,
        null,
        null
      ],
      "/Users/silverfox/Desktop/test_project/config/initializers/application_controller_renderer.rb": [
        null,
        null,
        null,
        null,
        null,
        null,
        null,
        null
      ],
      "/Users/silverfox/Desktop/test_project/config/initializers/assets.rb": [
        null,
        null,
        null,
        1,
        null,
        null,
        null,
        null,
        1,
        null,
        null,
        null,
        null,
        null
      ],
      "/Users/silverfox/Desktop/test_project/config/initializers/backtrace_silencers.rb": [
        null,
        null,
        null,
        null,
        null,
        null,
        null
      ],
      "/Users/silverfox/Desktop/test_project/config/initializers/cookies_serializer.rb": [
        null,
        null,
        null,
        null,
        1
      ],
      "/Users/silverfox/Desktop/test_project/config/initializers/filter_parameter_logging.rb": [
        null,
        null,
        null,
        1
      ],
      "/Users/silverfox/Desktop/test_project/config/initializers/inflections.rb": [
        null,
        null,
        null,
        null,
        null,
        null,
        null,
        null,
        null,
        null,
        null,
        null,
        null,
        null,
        null,
        null
      ],
      "/Users/silverfox/Desktop/test_project/config/initializers/mime_types.rb": [
        null,
        null,
        null,
        null
      ],
      "/Users/silverfox/Desktop/test_project/config/initializers/wrap_parameters.rb": [
        null,
        null,
        null,
        null,
        null,
        null,
        1,
        2,
        null,
        null,
        null,
        null,
        null,
        null
      ],
      "/Users/silverfox/Desktop/test_project/app/channels/application_cable/channel.rb": [
        1,
        1,
        null,
        null
      ],
      "/Users/silverfox/Desktop/test_project/app/channels/application_cable/connection.rb": [
        1,
        1,
        null,
        null
      ],
      "/Users/silverfox/Desktop/test_project/app/controllers/application_controller.rb": [
        1,
        1,
        1,
        null,
        1,
        23,
        0,
        null,
        null,
        null,
        1,
        0,
        0,
        0,
        null,
        null,
        null,
        null
      ],
      "/Users/silverfox/Desktop/test_project/app/helpers/application_helper.rb": [
        1,
        null
      ],
      "/Users/silverfox/Desktop/test_project/app/controllers/homepage_controller.rb": [
        1,
        1,
        4,
        null,
        null
      ],
      "/Users/silverfox/Desktop/test_project/app/controllers/just_another_controller.rb": [
        1,
        1,
        null,
        1,
        null,
        null,
        null
      ],
      "/Users/silverfox/Desktop/test_project/app/controllers/products_controller.rb": [
        1,
        1,
        7,
        7,
        7,
        7,
        7,
        7,
        null,
        null,
        1,
        2,
        null,
        null,
        1,
        2,
        null,
        null,
        1,
        2,
        2,
        1,
        1,
        null,
        1,
        null,
        null,
        null,
        1,
        0,
        0,
        0,
        0,
        null,
        null,
        1,
        6,
        null,
        null,
        1,
        6,
        6,
        5,
        5,
        null,
        1,
        null,
        null,
        null,
        1,
        0,
        null,
        null,
        null,
        1,
        1,
        8,
        null,
        null
      ],
      "/Users/silverfox/Desktop/test_project/app/controllers/reviews_controller.rb": [
        1,
        null,
        1,
        0,
        0,
        null,
        null,
        1,
        0,
        0,
        0,
        0,
        null,
        0,
        null,
        null,
        null,
        1,
        1,
        0,
        null,
        null
      ],
      "/Users/silverfox/Desktop/test_project/app/controllers/sessions_controller.rb": [
        1,
        1,
        0,
        0,
        0,
        0,
        0,
        null,
        0,
        0,
        null,
        null,
        null,
        1,
        0,
        0,
        0,
        null,
        null
      ],
      "/Users/silverfox/Desktop/test_project/app/controllers/users_controller.rb": [
        1,
        null,
        1,
        0,
        null,
        null,
        1,
        0,
        0,
        0,
        0,
        0,
        null,
        0,
        0,
        null,
        null,
        null,
        1,
        null,
        1,
        0,
        null,
        null
      ],
      "/Users/silverfox/Desktop/test_project/app/jobs/application_job.rb": [
        1,
        null
      ],
      "/Users/silverfox/Desktop/test_project/app/mailers/application_mailer.rb": [
        1,
        1,
        1,
        null
      ],
      "/Users/silverfox/Desktop/test_project/app/models/application_record.rb": [
        1,
        1,
        null
      ],
      "/Users/silverfox/Desktop/test_project/app/models/product.rb": [
        1,
        1,
        1,
        null,
        2,
        8,
        null,
        null,
        8,
        null,
        1,
        null,
        1,
        null,
        null,
        null,
        null,
        7,
        null,
        null,
        1,
        null,
        1,
        6,
        null,
        null
      ],
      "/Users/silverfox/Desktop/test_project/app/models/review.rb": [
        1,
        1,
        1,
        1,
        1,
        null
      ],
      "/Users/silverfox/Desktop/test_project/app/models/user.rb": [
        1,
        1,
        1,
        1,
        1,
        null,
        1,
        0,
        0,
        null,
        null,
        1,
        0,
        0,
        0,
        null,
        null,
        null,
        null,
        null
      ],
      "/Users/silverfox/Desktop/test_project/spec/factories.rb": [
        1,
        1,
        1,
        1,
        1,
        null,
        null
      ],
      "/Users/silverfox/Desktop/test_project/config/routes.rb": [
        1,
        1,
        1,
        null,
        1,
        1,
        1,
        null,
        1,
        1,
        1,
        null
      ],
      "/Users/silverfox/Desktop/test_project/spec/features/edit_product_pages_spec.rb": [
        1,
        null,
        1,
        1,
        1,
        1,
        1,
        1,
        1,
        1,
        1,
        1,
        1,
        1,
        1,
        null,
        null,
        1,
        1,
        1,
        1,
        1,
        1,
        1,
        1,
        1,
        1,
        1,
        1,
        null,
        null
      ],
      "/Users/silverfox/Desktop/test_project/spec/features/filter_products_pages_spec.rb": [
        1,
        null,
        1,
        1,
        1,
        1,
        1,
        1,
        1,
        1,
        null,
        1,
        1,
        1,
        1,
        1,
        null,
        1,
        1,
        null,
        null
      ],
      "/Users/silverfox/Desktop/test_project/spec/models/product_spec.rb": [
        1,
        null,
        1,
        2,
        2,
        2,
        2,
        null
      ],
      "/Users/silverfox/Desktop/test_project/spec/models/review_spec.rb": [
        1,
        null,
        1,
        2,
        2,
        2,
        2,
        null,
        2,
        null
      ]
    },
    "timestamp": 1511721127
  }
}
